<?xml version="1.0" encoding="UTF-8"?>
<testng-results skipped="0" failed="0" ignored="0" total="1" passed="1">
  <reporter-output>
  </reporter-output>
  <suite name="Default suite" duration-ms="104" started-at="2020-04-09T12:22:14Z" finished-at="2020-04-09T12:22:14Z">
    <groups>
    </groups>
    <test name="Default test" duration-ms="104" started-at="2020-04-09T12:22:14Z" finished-at="2020-04-09T12:22:14Z">
      <class name="mainTest.Testing">
        <test-method status="PASS" signature="before()[pri:0, instance:mainTest.Testing@9629756]" name="before" is-config="true" duration-ms="35" started-at="2020-04-09T12:22:14Z" finished-at="2020-04-09T12:22:14Z">
          <reporter-output>
          </reporter-output>
        </test-method> <!-- before -->
        <test-method status="PASS" signature="inTest()[pri:0, instance:mainTest.Testing@9629756]" name="inTest" duration-ms="13" started-at="2020-04-09T12:22:14Z" finished-at="2020-04-09T12:22:14Z">
          <reporter-output>
          </reporter-output>
        </test-method> <!-- inTest -->
        <test-method status="PASS" signature="afterClass()[pri:0, instance:mainTest.Testing@9629756]" name="afterClass" is-config="true" duration-ms="2" started-at="2020-04-09T12:22:14Z" finished-at="2020-04-09T12:22:14Z">
          <reporter-output>
          </reporter-output>
        </test-method> <!-- afterClass -->
      </class> <!-- mainTest.Testing -->
    </test> <!-- Default test -->
  </suite> <!-- Default suite -->
</testng-results>
