<?xml version="1.0" encoding="UTF-8"?>
<testng-results skipped="0" failed="0" ignored="0" total="1" passed="1">
  <reporter-output>
  </reporter-output>
  <suite name="Default suite" duration-ms="43348" started-at="2020-04-11T17:53:52Z" finished-at="2020-04-11T17:54:35Z">
    <groups>
    </groups>
    <test name="Default test" duration-ms="43348" started-at="2020-04-11T17:53:52Z" finished-at="2020-04-11T17:54:35Z">
      <class name="testscripts.BaseCondition">
        <test-method status="PASS" signature="startBrowser()[pri:0, instance:testscripts.BaseCondition@5419f379]" name="startBrowser" is-config="true" duration-ms="14279" started-at="2020-04-11T17:53:52Z" finished-at="2020-04-11T17:54:06Z">
          <reporter-output>
          </reporter-output>
        </test-method> <!-- startBrowser -->
        <test-method status="PASS" signature="test()[pri:0, instance:testscripts.BaseCondition@5419f379]" name="test" duration-ms="29021" started-at="2020-04-11T17:54:06Z" finished-at="2020-04-11T17:54:35Z">
          <reporter-output>
          </reporter-output>
        </test-method> <!-- test -->
        <test-method status="PASS" signature="endBrowser()[pri:0, instance:testscripts.BaseCondition@5419f379]" name="endBrowser" is-config="true" duration-ms="1" started-at="2020-04-11T17:54:35Z" finished-at="2020-04-11T17:54:35Z">
          <reporter-output>
          </reporter-output>
        </test-method> <!-- endBrowser -->
      </class> <!-- testscripts.BaseCondition -->
    </test> <!-- Default test -->
  </suite> <!-- Default suite -->
</testng-results>
